<?xml version="1.0" encoding="UTF-8"?>
<testng-results ignored="0" total="11" passed="8" failed="3" skipped="0">
  <reporter-output>
    <line>
      <![CDATA[ ]]>
    </line>
    <line>
      <![CDATA[Details of First Course :]]>
    </line>
    <line>
      <![CDATA[ ]]>
    </line>
    <line>
      <![CDATA[Course Name - Web Design for Everybody: Basics of Web Development & Coding]]>
    </line>
  </reporter-output>
  <suite started-at="2021-10-02T21:00:41 IST" name="Suite" finished-at="2021-10-02T21:03:48 IST" duration-ms="186946">
    <groups>
      <group name="Smoke Test">
        <method signature="FormFillingTestWithValidData.fillValidValues()[pri:10, instance:com.coursera.org.test.FormFillingTestWithValidData@54e1c68b]" name="fillValidValues" class="com.coursera.org.test.FormFillingTestWithValidData"/>
        <method signature="FormFillingTestWithValidData.locateForm()[pri:9, instance:com.coursera.org.test.FormFillingTestWithValidData@54e1c68b]" name="locateForm" class="com.coursera.org.test.FormFillingTestWithValidData"/>
        <method signature="IdentifyCoursesTest$validateIdentifyCourses.validateFirstCourse()[pri:4, instance:com.coursera.org.test.IdentifyCoursesTest$validateIdentifyCourses@d9345cd]" name="validateFirstCourse" class="com.coursera.org.test.IdentifyCoursesTest$validateIdentifyCourses"/>
        <method signature="IdentifyCoursesTest$validateIdentifyCourses.validateSearchCourse()[pri:1, instance:com.coursera.org.test.IdentifyCoursesTest$validateIdentifyCourses@d9345cd]" name="validateSearchCourse" class="com.coursera.org.test.IdentifyCoursesTest$validateIdentifyCourses"/>
        <method signature="IdentifyCoursesTest$validateIdentifyCourses.validateSecondCourse()[pri:5, instance:com.coursera.org.test.IdentifyCoursesTest$validateIdentifyCourses@d9345cd]" name="validateSecondCourse" class="com.coursera.org.test.IdentifyCoursesTest$validateIdentifyCourses"/>
        <method signature="IdentifyCoursesTest$validateIdentifyCourses.validateSelectLanguage()[pri:2, instance:com.coursera.org.test.IdentifyCoursesTest$validateIdentifyCourses@d9345cd]" name="validateSelectLanguage" class="com.coursera.org.test.IdentifyCoursesTest$validateIdentifyCourses"/>
        <method signature="LanguageLearningCourseCountTest.applyLanguageFilter()[pri:8, instance:com.coursera.org.test.LanguageLearningCourseCountTest@7d4f9aae]" name="applyLanguageFilter" class="com.coursera.org.test.LanguageLearningCourseCountTest"/>
        <method signature="LanguageLearningCourseCountTest.applyLevelFilter()[pri:8, instance:com.coursera.org.test.LanguageLearningCourseCountTest@7d4f9aae]" name="applyLevelFilter" class="com.coursera.org.test.LanguageLearningCourseCountTest"/>
        <method signature="LanguageLearningCourseCountTest.loadLanguageLearningPage()[pri:7, instance:com.coursera.org.test.LanguageLearningCourseCountTest@7d4f9aae]" name="loadLanguageLearningPage" class="com.coursera.org.test.LanguageLearningCourseCountTest"/>
        <method signature="IdentifyCoursesTest$validateIdentifyCourses.returnHome()[pri:6, instance:com.coursera.org.test.IdentifyCoursesTest$validateIdentifyCourses@d9345cd]" name="returnHome" class="com.coursera.org.test.IdentifyCoursesTest$validateIdentifyCourses"/>
        <method signature="IdentifyCoursesTest$validateIdentifyCourses.validateSelectLevel()[pri:3, instance:com.coursera.org.test.IdentifyCoursesTest$validateIdentifyCourses@d9345cd]" name="validateSelectLevel" class="com.coursera.org.test.IdentifyCoursesTest$validateIdentifyCourses"/>
      </group> <!-- Smoke Test -->
    </groups>
    <test started-at="2021-10-02T21:00:41 IST" name="Smoke Test" finished-at="2021-10-02T21:03:48 IST" duration-ms="186946">
      <class name="com.coursera.org.test.LanguageLearningCourseCountTest">
        <test-method signature="loadLanguageLearningPage()[pri:7, instance:com.coursera.org.test.LanguageLearningCourseCountTest@7d4f9aae]" started-at="2021-10-02T21:01:46 IST" name="loadLanguageLearningPage" finished-at="2021-10-02T21:01:50 IST" duration-ms="3904" status="FAIL">
          <exception class="java.lang.AssertionError">
            <message>
              <![CDATA[expected [Top Language Learning Courses - Learn Language Learning Online | Coursera] but found [Coursera | Online Courses & Credentials From Top Educators. Join for Free]]]>
            </message>
            <full-stacktrace>
              <![CDATA[java.lang.AssertionError: expected [Top Language Learning Courses - Learn Language Learning Online | Coursera] but found [Coursera | Online Courses & Credentials From Top Educators. Join for Free]
at org.testng.Assert.fail(Assert.java:99)
at org.testng.Assert.failNotEquals(Assert.java:1037)
at org.testng.Assert.assertEqualsImpl(Assert.java:140)
at org.testng.Assert.assertEquals(Assert.java:122)
at org.testng.Assert.assertEquals(Assert.java:629)
at org.testng.Assert.assertEquals(Assert.java:639)
at com.coursera.org.test.LanguageLearningCourseCountTest.loadLanguageLearningPage(LanguageLearningCourseCountTest.java:28)
at java.base/jdk.internal.reflect.NativeMethodAccessorImpl.invoke0(Native Method)
at java.base/jdk.internal.reflect.NativeMethodAccessorImpl.invoke(NativeMethodAccessorImpl.java:78)
at java.base/jdk.internal.reflect.DelegatingMethodAccessorImpl.invoke(DelegatingMethodAccessorImpl.java:43)
at java.base/java.lang.reflect.Method.invoke(Method.java:567)
at org.testng.internal.MethodInvocationHelper.invokeMethod(MethodInvocationHelper.java:133)
at org.testng.internal.TestInvoker.invokeMethod(TestInvoker.java:598)
at org.testng.internal.TestInvoker.invokeTestMethod(TestInvoker.java:173)
at org.testng.internal.MethodRunner.runInSequence(MethodRunner.java:46)
at org.testng.internal.TestInvoker$MethodInvocationAgent.invoke(TestInvoker.java:824)
at org.testng.internal.TestInvoker.invokeTestMethods(TestInvoker.java:146)
at org.testng.internal.TestMethodWorker.invokeTestMethods(TestMethodWorker.java:146)
at org.testng.internal.TestMethodWorker.run(TestMethodWorker.java:128)
at java.base/java.util.ArrayList.forEach(ArrayList.java:1511)
at org.testng.TestRunner.privateRun(TestRunner.java:794)
at org.testng.TestRunner.run(TestRunner.java:596)
at org.testng.SuiteRunner.runTest(SuiteRunner.java:377)
at org.testng.SuiteRunner.runSequentially(SuiteRunner.java:371)
at org.testng.SuiteRunner.privateRun(SuiteRunner.java:332)
at org.testng.SuiteRunner.run(SuiteRunner.java:276)
at org.testng.SuiteRunnerWorker.runSuite(SuiteRunnerWorker.java:53)
at org.testng.SuiteRunnerWorker.run(SuiteRunnerWorker.java:96)
at org.testng.TestNG.runSuitesSequentially(TestNG.java:1212)
at org.testng.TestNG.runSuitesLocally(TestNG.java:1134)
at org.testng.TestNG.runSuites(TestNG.java:1063)
at org.testng.TestNG.run(TestNG.java:1031)
at org.testng.remote.AbstractRemoteTestNG.run(AbstractRemoteTestNG.java:115)
at org.testng.remote.RemoteTestNG.initAndRun(RemoteTestNG.java:251)
at org.testng.remote.RemoteTestNG.main(RemoteTestNG.java:77)
]]>
            </full-stacktrace>
          </exception> <!-- java.lang.AssertionError -->
          <reporter-output>
          </reporter-output>
        </test-method> <!-- loadLanguageLearningPage -->
        <test-method signature="applyLanguageFilter()[pri:8, instance:com.coursera.org.test.LanguageLearningCourseCountTest@7d4f9aae]" started-at="2021-10-02T21:01:50 IST" name="applyLanguageFilter" finished-at="2021-10-02T21:02:20 IST" duration-ms="30186" status="FAIL">
          <exception class="org.openqa.selenium.NoSuchElementException">
            <message>
              <![CDATA[no such element: Unable to locate element: {"method":"xpath","selector":"//*[@id="main"]/div/div[2]/div/div[2]/div[1]/div/div[1]/div/span"}
  (Session info: chrome=94.0.4606.61)
For documentation on this error, please visit: https://www.seleniumhq.org/exceptions/no_such_element.html
Build info: version: '3.141.59', revision: 'e82be7d358', time: '2018-11-14T08:17:03'
System info: host: 'KARAN', ip: '192.168.0.9', os.name: 'Windows 10', os.arch: 'amd64', os.version: '10.0', java.version: '16.0.1'
Driver info: org.openqa.selenium.chrome.ChromeDriver
Capabilities {acceptInsecureCerts: false, browserName: chrome, browserVersion: 94.0.4606.61, chrome: {chromedriverVersion: 94.0.4606.41 (333e85df3c9b6..., userDataDir: C:\Users\karan\AppData\Loca...}, goog:chromeOptions: {debuggerAddress: localhost:58395}, javascriptEnabled: true, networkConnectionEnabled: false, pageLoadStrategy: normal, platform: WINDOWS, platformName: WINDOWS, proxy: Proxy(), setWindowRect: true, strictFileInteractability: false, timeouts: {implicit: 0, pageLoad: 300000, script: 30000}, unhandledPromptBehavior: dismiss and notify, webauthn:extension:credBlob: true, webauthn:extension:largeBlob: true, webauthn:virtualAuthenticators: true}
Session ID: ce138cee6d4c4988d8087dd8a735b081
*** Element info: {Using=xpath, value=//*[@id="main"]/div/div[2]/div/div[2]/div[1]/div/div[1]/div/span}]]>
            </message>
            <full-stacktrace>
              <![CDATA[org.openqa.selenium.NoSuchElementException: no such element: Unable to locate element: {"method":"xpath","selector":"//*[@id="main"]/div/div[2]/div/div[2]/div[1]/div/div[1]/div/span"}
  (Session info: chrome=94.0.4606.61)
For documentation on this error, please visit: https://www.seleniumhq.org/exceptions/no_such_element.html
Build info: version: '3.141.59', revision: 'e82be7d358', time: '2018-11-14T08:17:03'
System info: host: 'KARAN', ip: '192.168.0.9', os.name: 'Windows 10', os.arch: 'amd64', os.version: '10.0', java.version: '16.0.1'
Driver info: org.openqa.selenium.chrome.ChromeDriver
Capabilities {acceptInsecureCerts: false, browserName: chrome, browserVersion: 94.0.4606.61, chrome: {chromedriverVersion: 94.0.4606.41 (333e85df3c9b6..., userDataDir: C:\Users\karan\AppData\Loca...}, goog:chromeOptions: {debuggerAddress: localhost:58395}, javascriptEnabled: true, networkConnectionEnabled: false, pageLoadStrategy: normal, platform: WINDOWS, platformName: WINDOWS, proxy: Proxy(), setWindowRect: true, strictFileInteractability: false, timeouts: {implicit: 0, pageLoad: 300000, script: 30000}, unhandledPromptBehavior: dismiss and notify, webauthn:extension:credBlob: true, webauthn:extension:largeBlob: true, webauthn:virtualAuthenticators: true}
Session ID: ce138cee6d4c4988d8087dd8a735b081
*** Element info: {Using=xpath, value=//*[@id="main"]/div/div[2]/div/div[2]/div[1]/div/div[1]/div/span}
at java.base/jdk.internal.reflect.NativeConstructorAccessorImpl.newInstance0(Native Method)
at java.base/jdk.internal.reflect.NativeConstructorAccessorImpl.newInstance(NativeConstructorAccessorImpl.java:78)
at java.base/jdk.internal.reflect.DelegatingConstructorAccessorImpl.newInstance(DelegatingConstructorAccessorImpl.java:45)
at java.base/java.lang.reflect.Constructor.newInstanceWithCaller(Constructor.java:499)
at java.base/java.lang.reflect.Constructor.newInstance(Constructor.java:480)
at org.openqa.selenium.remote.http.W3CHttpResponseCodec.createException(W3CHttpResponseCodec.java:187)
at org.openqa.selenium.remote.http.W3CHttpResponseCodec.decode(W3CHttpResponseCodec.java:122)
at org.openqa.selenium.remote.http.W3CHttpResponseCodec.decode(W3CHttpResponseCodec.java:49)
at org.openqa.selenium.remote.HttpCommandExecutor.execute(HttpCommandExecutor.java:158)
at org.openqa.selenium.remote.service.DriverCommandExecutor.execute(DriverCommandExecutor.java:83)
at org.openqa.selenium.remote.RemoteWebDriver.execute(RemoteWebDriver.java:552)
at org.openqa.selenium.remote.RemoteWebDriver.findElement(RemoteWebDriver.java:323)
at org.openqa.selenium.remote.RemoteWebDriver.findElementByXPath(RemoteWebDriver.java:428)
at org.openqa.selenium.By$ByXPath.findElement(By.java:353)
at org.openqa.selenium.remote.RemoteWebDriver.findElement(RemoteWebDriver.java:315)
at com.coursera.org.base.Base.findElementByXpath(Base.java:70)
at com.coursera.org.functions.LanguageLearningCoursesCount.languageFilter(LanguageLearningCoursesCount.java:44)
at com.coursera.org.test.LanguageLearningCourseCountTest.applyLanguageFilter(LanguageLearningCourseCountTest.java:34)
at java.base/jdk.internal.reflect.NativeMethodAccessorImpl.invoke0(Native Method)
at java.base/jdk.internal.reflect.NativeMethodAccessorImpl.invoke(NativeMethodAccessorImpl.java:78)
at java.base/jdk.internal.reflect.DelegatingMethodAccessorImpl.invoke(DelegatingMethodAccessorImpl.java:43)
at java.base/java.lang.reflect.Method.invoke(Method.java:567)
at org.testng.internal.MethodInvocationHelper.invokeMethod(MethodInvocationHelper.java:133)
at org.testng.internal.TestInvoker.invokeMethod(TestInvoker.java:598)
at org.testng.internal.TestInvoker.invokeTestMethod(TestInvoker.java:173)
at org.testng.internal.MethodRunner.runInSequence(MethodRunner.java:46)
at org.testng.internal.TestInvoker$MethodInvocationAgent.invoke(TestInvoker.java:824)
at org.testng.internal.TestInvoker.invokeTestMethods(TestInvoker.java:146)
at org.testng.internal.TestMethodWorker.invokeTestMethods(TestMethodWorker.java:146)
at org.testng.internal.TestMethodWorker.run(TestMethodWorker.java:128)
at java.base/java.util.ArrayList.forEach(ArrayList.java:1511)
at org.testng.TestRunner.privateRun(TestRunner.java:794)
at org.testng.TestRunner.run(TestRunner.java:596)
at org.testng.SuiteRunner.runTest(SuiteRunner.java:377)
at org.testng.SuiteRunner.runSequentially(SuiteRunner.java:371)
at org.testng.SuiteRunner.privateRun(SuiteRunner.java:332)
at org.testng.SuiteRunner.run(SuiteRunner.java:276)
at org.testng.SuiteRunnerWorker.runSuite(SuiteRunnerWorker.java:53)
at org.testng.SuiteRunnerWorker.run(SuiteRunnerWorker.java:96)
at org.testng.TestNG.runSuitesSequentially(TestNG.java:1212)
at org.testng.TestNG.runSuitesLocally(TestNG.java:1134)
at org.testng.TestNG.runSuites(TestNG.java:1063)
at org.testng.TestNG.run(TestNG.java:1031)
at org.testng.remote.AbstractRemoteTestNG.run(AbstractRemoteTestNG.java:115)
at org.testng.remote.RemoteTestNG.initAndRun(RemoteTestNG.java:251)
at org.testng.remote.RemoteTestNG.main(RemoteTestNG.java:77)
]]>
            </full-stacktrace>
          </exception> <!-- org.openqa.selenium.NoSuchElementException -->
          <reporter-output>
          </reporter-output>
        </test-method> <!-- applyLanguageFilter -->
        <test-method signature="applyLevelFilter()[pri:8, instance:com.coursera.org.test.LanguageLearningCourseCountTest@7d4f9aae]" started-at="2021-10-02T21:02:20 IST" name="applyLevelFilter" finished-at="2021-10-02T21:02:50 IST" duration-ms="30026" status="FAIL">
          <exception class="org.openqa.selenium.NoSuchElementException">
            <message>
              <![CDATA[no such element: Unable to locate element: {"method":"xpath","selector":"//*[@id='main']/div/div[2]/div/div[2]/div[2]/div/div[1]/div/span"}
  (Session info: chrome=94.0.4606.61)
For documentation on this error, please visit: https://www.seleniumhq.org/exceptions/no_such_element.html
Build info: version: '3.141.59', revision: 'e82be7d358', time: '2018-11-14T08:17:03'
System info: host: 'KARAN', ip: '192.168.0.9', os.name: 'Windows 10', os.arch: 'amd64', os.version: '10.0', java.version: '16.0.1'
Driver info: org.openqa.selenium.chrome.ChromeDriver
Capabilities {acceptInsecureCerts: false, browserName: chrome, browserVersion: 94.0.4606.61, chrome: {chromedriverVersion: 94.0.4606.41 (333e85df3c9b6..., userDataDir: C:\Users\karan\AppData\Loca...}, goog:chromeOptions: {debuggerAddress: localhost:58395}, javascriptEnabled: true, networkConnectionEnabled: false, pageLoadStrategy: normal, platform: WINDOWS, platformName: WINDOWS, proxy: Proxy(), setWindowRect: true, strictFileInteractability: false, timeouts: {implicit: 0, pageLoad: 300000, script: 30000}, unhandledPromptBehavior: dismiss and notify, webauthn:extension:credBlob: true, webauthn:extension:largeBlob: true, webauthn:virtualAuthenticators: true}
Session ID: ce138cee6d4c4988d8087dd8a735b081
*** Element info: {Using=xpath, value=//*[@id='main']/div/div[2]/div/div[2]/div[2]/div/div[1]/div/span}]]>
            </message>
            <full-stacktrace>
              <![CDATA[org.openqa.selenium.NoSuchElementException: no such element: Unable to locate element: {"method":"xpath","selector":"//*[@id='main']/div/div[2]/div/div[2]/div[2]/div/div[1]/div/span"}
  (Session info: chrome=94.0.4606.61)
For documentation on this error, please visit: https://www.seleniumhq.org/exceptions/no_such_element.html
Build info: version: '3.141.59', revision: 'e82be7d358', time: '2018-11-14T08:17:03'
System info: host: 'KARAN', ip: '192.168.0.9', os.name: 'Windows 10', os.arch: 'amd64', os.version: '10.0', java.version: '16.0.1'
Driver info: org.openqa.selenium.chrome.ChromeDriver
Capabilities {acceptInsecureCerts: false, browserName: chrome, browserVersion: 94.0.4606.61, chrome: {chromedriverVersion: 94.0.4606.41 (333e85df3c9b6..., userDataDir: C:\Users\karan\AppData\Loca...}, goog:chromeOptions: {debuggerAddress: localhost:58395}, javascriptEnabled: true, networkConnectionEnabled: false, pageLoadStrategy: normal, platform: WINDOWS, platformName: WINDOWS, proxy: Proxy(), setWindowRect: true, strictFileInteractability: false, timeouts: {implicit: 0, pageLoad: 300000, script: 30000}, unhandledPromptBehavior: dismiss and notify, webauthn:extension:credBlob: true, webauthn:extension:largeBlob: true, webauthn:virtualAuthenticators: true}
Session ID: ce138cee6d4c4988d8087dd8a735b081
*** Element info: {Using=xpath, value=//*[@id='main']/div/div[2]/div/div[2]/div[2]/div/div[1]/div/span}
at java.base/jdk.internal.reflect.NativeConstructorAccessorImpl.newInstance0(Native Method)
at java.base/jdk.internal.reflect.NativeConstructorAccessorImpl.newInstance(NativeConstructorAccessorImpl.java:78)
at java.base/jdk.internal.reflect.DelegatingConstructorAccessorImpl.newInstance(DelegatingConstructorAccessorImpl.java:45)
at java.base/java.lang.reflect.Constructor.newInstanceWithCaller(Constructor.java:499)
at java.base/java.lang.reflect.Constructor.newInstance(Constructor.java:480)
at org.openqa.selenium.remote.http.W3CHttpResponseCodec.createException(W3CHttpResponseCodec.java:187)
at org.openqa.selenium.remote.http.W3CHttpResponseCodec.decode(W3CHttpResponseCodec.java:122)
at org.openqa.selenium.remote.http.W3CHttpResponseCodec.decode(W3CHttpResponseCodec.java:49)
at org.openqa.selenium.remote.HttpCommandExecutor.execute(HttpCommandExecutor.java:158)
at org.openqa.selenium.remote.service.DriverCommandExecutor.execute(DriverCommandExecutor.java:83)
at org.openqa.selenium.remote.RemoteWebDriver.execute(RemoteWebDriver.java:552)
at org.openqa.selenium.remote.RemoteWebDriver.findElement(RemoteWebDriver.java:323)
at org.openqa.selenium.remote.RemoteWebDriver.findElementByXPath(RemoteWebDriver.java:428)
at org.openqa.selenium.By$ByXPath.findElement(By.java:353)
at org.openqa.selenium.remote.RemoteWebDriver.findElement(RemoteWebDriver.java:315)
at com.coursera.org.base.Base.findElementByXpath(Base.java:70)
at com.coursera.org.functions.LanguageLearningCoursesCount.levelFilter(LanguageLearningCoursesCount.java:101)
at com.coursera.org.test.LanguageLearningCourseCountTest.applyLevelFilter(LanguageLearningCourseCountTest.java:46)
at java.base/jdk.internal.reflect.NativeMethodAccessorImpl.invoke0(Native Method)
at java.base/jdk.internal.reflect.NativeMethodAccessorImpl.invoke(NativeMethodAccessorImpl.java:78)
at java.base/jdk.internal.reflect.DelegatingMethodAccessorImpl.invoke(DelegatingMethodAccessorImpl.java:43)
at java.base/java.lang.reflect.Method.invoke(Method.java:567)
at org.testng.internal.MethodInvocationHelper.invokeMethod(MethodInvocationHelper.java:133)
at org.testng.internal.TestInvoker.invokeMethod(TestInvoker.java:598)
at org.testng.internal.TestInvoker.invokeTestMethod(TestInvoker.java:173)
at org.testng.internal.MethodRunner.runInSequence(MethodRunner.java:46)
at org.testng.internal.TestInvoker$MethodInvocationAgent.invoke(TestInvoker.java:824)
at org.testng.internal.TestInvoker.invokeTestMethods(TestInvoker.java:146)
at org.testng.internal.TestMethodWorker.invokeTestMethods(TestMethodWorker.java:146)
at org.testng.internal.TestMethodWorker.run(TestMethodWorker.java:128)
at java.base/java.util.ArrayList.forEach(ArrayList.java:1511)
at org.testng.TestRunner.privateRun(TestRunner.java:794)
at org.testng.TestRunner.run(TestRunner.java:596)
at org.testng.SuiteRunner.runTest(SuiteRunner.java:377)
at org.testng.SuiteRunner.runSequentially(SuiteRunner.java:371)
at org.testng.SuiteRunner.privateRun(SuiteRunner.java:332)
at org.testng.SuiteRunner.run(SuiteRunner.java:276)
at org.testng.SuiteRunnerWorker.runSuite(SuiteRunnerWorker.java:53)
at org.testng.SuiteRunnerWorker.run(SuiteRunnerWorker.java:96)
at org.testng.TestNG.runSuitesSequentially(TestNG.java:1212)
at org.testng.TestNG.runSuitesLocally(TestNG.java:1134)
at org.testng.TestNG.runSuites(TestNG.java:1063)
at org.testng.TestNG.run(TestNG.java:1031)
at org.testng.remote.AbstractRemoteTestNG.run(AbstractRemoteTestNG.java:115)
at org.testng.remote.RemoteTestNG.initAndRun(RemoteTestNG.java:251)
at org.testng.remote.RemoteTestNG.main(RemoteTestNG.java:77)
]]>
            </full-stacktrace>
          </exception> <!-- org.openqa.selenium.NoSuchElementException -->
          <reporter-output>
          </reporter-output>
        </test-method> <!-- applyLevelFilter -->
      </class> <!-- com.coursera.org.test.LanguageLearningCourseCountTest -->
      <class name="com.coursera.org.test.TestSetup">
        <test-method is-config="true" signature="initialiseSetUp()[pri:0, instance:com.coursera.org.test.TestSetup@290222c1]" started-at="2021-10-02T21:00:14 IST" name="initialiseSetUp" finished-at="2021-10-02T21:00:41 IST" duration-ms="26644" status="PASS">
          <reporter-output>
          </reporter-output>
        </test-method> <!-- initialiseSetUp -->
        <test-method is-config="true" signature="tearDown()[pri:0, instance:com.coursera.org.test.TestSetup@290222c1]" started-at="2021-10-02T21:03:48 IST" name="tearDown" finished-at="2021-10-02T21:03:49 IST" duration-ms="1381" status="PASS">
          <reporter-output>
          </reporter-output>
        </test-method> <!-- tearDown -->
      </class> <!-- com.coursera.org.test.TestSetup -->
      <class name="com.coursera.org.test.FormFillingTestWithValidData">
        <test-method signature="locateForm()[pri:9, instance:com.coursera.org.test.FormFillingTestWithValidData@54e1c68b]" started-at="2021-10-02T21:02:50 IST" name="locateForm" finished-at="2021-10-02T21:03:48 IST" duration-ms="57557" status="PASS">
          <reporter-output>
          </reporter-output>
        </test-method> <!-- locateForm -->
        <test-method signature="fillValidValues()[pri:10, instance:com.coursera.org.test.FormFillingTestWithValidData@54e1c68b]" started-at="2021-10-02T21:03:48 IST" name="fillValidValues" finished-at="2021-10-02T21:03:48 IST" duration-ms="7" status="PASS">
          <reporter-output>
          </reporter-output>
        </test-method> <!-- fillValidValues -->
      </class> <!-- com.coursera.org.test.FormFillingTestWithValidData -->
      <class name="com.coursera.org.test.IdentifyCoursesTest$validateIdentifyCourses">
        <test-method signature="validateSearchCourse()[pri:1, instance:com.coursera.org.test.IdentifyCoursesTest$validateIdentifyCourses@d9345cd]" started-at="2021-10-02T21:00:41 IST" name="validateSearchCourse" finished-at="2021-10-02T21:01:01 IST" duration-ms="20451" status="PASS">
          <reporter-output>
          </reporter-output>
        </test-method> <!-- validateSearchCourse -->
        <test-method signature="validateSelectLanguage()[pri:2, instance:com.coursera.org.test.IdentifyCoursesTest$validateIdentifyCourses@d9345cd]" started-at="2021-10-02T21:01:01 IST" name="validateSelectLanguage" finished-at="2021-10-02T21:01:13 IST" duration-ms="11765" status="PASS">
          <reporter-output>
          </reporter-output>
        </test-method> <!-- validateSelectLanguage -->
        <test-method signature="validateSelectLevel()[pri:3, instance:com.coursera.org.test.IdentifyCoursesTest$validateIdentifyCourses@d9345cd]" started-at="2021-10-02T21:01:13 IST" name="validateSelectLevel" finished-at="2021-10-02T21:01:24 IST" duration-ms="10461" status="PASS">
          <reporter-output>
          </reporter-output>
        </test-method> <!-- validateSelectLevel -->
        <test-method signature="validateFirstCourse()[pri:4, instance:com.coursera.org.test.IdentifyCoursesTest$validateIdentifyCourses@d9345cd]" started-at="2021-10-02T21:01:24 IST" name="validateFirstCourse" finished-at="2021-10-02T21:01:25 IST" duration-ms="1364" status="PASS">
          <reporter-output>
            <line>
              <![CDATA[ ]]>
            </line>
            <line>
              <![CDATA[Details of First Course :]]>
            </line>
            <line>
              <![CDATA[ ]]>
            </line>
            <line>
              <![CDATA[Course Name - Web Design for Everybody: Basics of Web Development & Coding]]>
            </line>
          </reporter-output>
        </test-method> <!-- validateFirstCourse -->
        <test-method signature="validateSecondCourse()[pri:5, instance:com.coursera.org.test.IdentifyCoursesTest$validateIdentifyCourses@d9345cd]" started-at="2021-10-02T21:01:25 IST" name="validateSecondCourse" finished-at="2021-10-02T21:01:32 IST" depends-on-methods="com.coursera.org.test.IdentifyCoursesTest$validateIdentifyCourses.validateFirstCourse" duration-ms="6530" status="PASS">
          <reporter-output>
          </reporter-output>
        </test-method> <!-- validateSecondCourse -->
        <test-method signature="returnHome()[pri:6, instance:com.coursera.org.test.IdentifyCoursesTest$validateIdentifyCourses@d9345cd]" started-at="2021-10-02T21:01:32 IST" name="returnHome" finished-at="2021-10-02T21:01:46 IST" duration-ms="14557" status="PASS">
          <reporter-output>
          </reporter-output>
        </test-method> <!-- returnHome -->
      </class> <!-- com.coursera.org.test.IdentifyCoursesTest$validateIdentifyCourses -->
    </test> <!-- Smoke Test -->
  </suite> <!-- Suite -->
</testng-results>
