<?xml version="1.0" encoding="UTF-8"?>
<!-- Generated by org.testng.reporters.JUnitXMLReporter -->
<testsuite ignored="0" hostname="SPKarthick" failures="13" tests="13" name="Regression Test" time="0.079" errors="0" timestamp="2021-09-29T18:16:42 IST">
  <testcase classname="com.coursera.org.Test.FormFillingTestWithInvalidData" name="locateForm" time="0.005">
    <failure type="java.lang.NullPointerException" message="Cannot invoke &amp;quot;org.openqa.selenium.WebDriver.navigate()&amp;quot; because &amp;quot;com.coursera.org.Base.Base.driver&amp;quot; is null">
      <![CDATA[java.lang.NullPointerException: Cannot invoke "org.openqa.selenium.WebDriver.navigate()" because "com.coursera.org.Base.Base.driver" is null
at com.coursera.org.Base.Base.returnhome(Base.java:43)
at com.coursera.org.Test.FormFillingTestWithInvalidData.locateForm(FormFillingTestWithInvalidData.java:23)
at java.base/java.util.ArrayList.forEach(ArrayList.java:1511)
... Removed 27 stack frames]]>
    </failure>
  </testcase> <!-- locateForm -->
  <testcase classname="com.coursera.org.Test.FormFillingTestWithInvalidData" name="fillInvalidValues" time="0.004">
    <failure type="java.lang.NullPointerException" message="Cannot invoke &amp;quot;org.openqa.selenium.WebDriver.findElement(org.openqa.selenium.By)&amp;quot; because &amp;quot;com.coursera.org.Functions.FormFillingFunctionality.driver&amp;quot; is null">
      <![CDATA[java.lang.NullPointerException: Cannot invoke "org.openqa.selenium.WebDriver.findElement(org.openqa.selenium.By)" because "com.coursera.org.Functions.FormFillingFunctionality.driver" is null
at com.coursera.org.Functions.FormFillingFunctionality.fillFirst_name(FormFillingFunctionality.java:44)
at com.coursera.org.Test.FormFillingTestWithInvalidData.fillInvalidValues(FormFillingTestWithInvalidData.java:40)
at java.base/java.util.ArrayList.forEach(ArrayList.java:1511)
... Removed 27 stack frames]]>
    </failure>
  </testcase> <!-- fillInvalidValues -->
  <testcase classname="com.coursera.org.Test.FormFillingTestWithInvalidData" name="fillInvalidValues" time="0.001">
    <failure type="java.lang.NullPointerException" message="Cannot invoke &amp;quot;org.openqa.selenium.WebDriver.findElement(org.openqa.selenium.By)&amp;quot; because &amp;quot;com.coursera.org.Functions.FormFillingFunctionality.driver&amp;quot; is null">
      <![CDATA[java.lang.NullPointerException: Cannot invoke "org.openqa.selenium.WebDriver.findElement(org.openqa.selenium.By)" because "com.coursera.org.Functions.FormFillingFunctionality.driver" is null
at com.coursera.org.Functions.FormFillingFunctionality.fillFirst_name(FormFillingFunctionality.java:44)
at com.coursera.org.Test.FormFillingTestWithInvalidData.fillInvalidValues(FormFillingTestWithInvalidData.java:40)
at java.base/java.util.ArrayList.forEach(ArrayList.java:1511)
... Removed 27 stack frames]]>
    </failure>
  </testcase> <!-- fillInvalidValues -->
  <testcase classname="com.coursera.org.Test.FormFillingTestWithInvalidData" name="fillInvalidValues" time="0.0">
    <failure type="java.lang.NullPointerException" message="Cannot invoke &amp;quot;org.openqa.selenium.WebDriver.findElement(org.openqa.selenium.By)&amp;quot; because &amp;quot;com.coursera.org.Functions.FormFillingFunctionality.driver&amp;quot; is null">
      <![CDATA[java.lang.NullPointerException: Cannot invoke "org.openqa.selenium.WebDriver.findElement(org.openqa.selenium.By)" because "com.coursera.org.Functions.FormFillingFunctionality.driver" is null
at com.coursera.org.Functions.FormFillingFunctionality.fillFirst_name(FormFillingFunctionality.java:44)
at com.coursera.org.Test.FormFillingTestWithInvalidData.fillInvalidValues(FormFillingTestWithInvalidData.java:40)
at java.base/java.util.ArrayList.forEach(ArrayList.java:1511)
... Removed 27 stack frames]]>
    </failure>
  </testcase> <!-- fillInvalidValues -->
  <testcase classname="com.coursera.org.Test.FormFillingTestWithInvalidData" name="fillInvalidValues" time="0.0">
    <failure type="java.lang.NullPointerException" message="Cannot invoke &amp;quot;org.openqa.selenium.WebDriver.findElement(org.openqa.selenium.By)&amp;quot; because &amp;quot;com.coursera.org.Functions.FormFillingFunctionality.driver&amp;quot; is null">
      <![CDATA[java.lang.NullPointerException: Cannot invoke "org.openqa.selenium.WebDriver.findElement(org.openqa.selenium.By)" because "com.coursera.org.Functions.FormFillingFunctionality.driver" is null
at com.coursera.org.Functions.FormFillingFunctionality.fillFirst_name(FormFillingFunctionality.java:44)
at com.coursera.org.Test.FormFillingTestWithInvalidData.fillInvalidValues(FormFillingTestWithInvalidData.java:40)
at java.base/java.util.ArrayList.forEach(ArrayList.java:1511)
... Removed 27 stack frames]]>
    </failure>
  </testcase> <!-- fillInvalidValues -->
  <testcase classname="com.coursera.org.Test.FormFillingTestWithInvalidData" name="fillInvalidValues" time="0.001">
    <failure type="java.lang.NullPointerException" message="Cannot invoke &amp;quot;org.openqa.selenium.WebDriver.findElement(org.openqa.selenium.By)&amp;quot; because &amp;quot;com.coursera.org.Functions.FormFillingFunctionality.driver&amp;quot; is null">
      <![CDATA[java.lang.NullPointerException: Cannot invoke "org.openqa.selenium.WebDriver.findElement(org.openqa.selenium.By)" because "com.coursera.org.Functions.FormFillingFunctionality.driver" is null
at com.coursera.org.Functions.FormFillingFunctionality.fillFirst_name(FormFillingFunctionality.java:44)
at com.coursera.org.Test.FormFillingTestWithInvalidData.fillInvalidValues(FormFillingTestWithInvalidData.java:40)
at java.base/java.util.ArrayList.forEach(ArrayList.java:1511)
... Removed 27 stack frames]]>
    </failure>
  </testcase> <!-- fillInvalidValues -->
  <testcase classname="com.coursera.org.Test.FormFillingTestWithInvalidData" name="fillInvalidValues" time="0.001">
    <failure type="java.lang.NullPointerException" message="Cannot invoke &amp;quot;org.openqa.selenium.WebDriver.findElement(org.openqa.selenium.By)&amp;quot; because &amp;quot;com.coursera.org.Functions.FormFillingFunctionality.driver&amp;quot; is null">
      <![CDATA[java.lang.NullPointerException: Cannot invoke "org.openqa.selenium.WebDriver.findElement(org.openqa.selenium.By)" because "com.coursera.org.Functions.FormFillingFunctionality.driver" is null
at com.coursera.org.Functions.FormFillingFunctionality.fillFirst_name(FormFillingFunctionality.java:44)
at com.coursera.org.Test.FormFillingTestWithInvalidData.fillInvalidValues(FormFillingTestWithInvalidData.java:40)
at java.base/java.util.ArrayList.forEach(ArrayList.java:1511)
... Removed 27 stack frames]]>
    </failure>
  </testcase> <!-- fillInvalidValues -->
  <testcase classname="com.coursera.org.Test.FormFillingTestWithInvalidData" name="fillInvalidValues" time="0.001">
    <failure type="java.lang.NullPointerException" message="Cannot invoke &amp;quot;org.openqa.selenium.WebDriver.findElement(org.openqa.selenium.By)&amp;quot; because &amp;quot;com.coursera.org.Functions.FormFillingFunctionality.driver&amp;quot; is null">
      <![CDATA[java.lang.NullPointerException: Cannot invoke "org.openqa.selenium.WebDriver.findElement(org.openqa.selenium.By)" because "com.coursera.org.Functions.FormFillingFunctionality.driver" is null
at com.coursera.org.Functions.FormFillingFunctionality.fillFirst_name(FormFillingFunctionality.java:44)
at com.coursera.org.Test.FormFillingTestWithInvalidData.fillInvalidValues(FormFillingTestWithInvalidData.java:40)
at java.base/java.util.ArrayList.forEach(ArrayList.java:1511)
... Removed 27 stack frames]]>
    </failure>
  </testcase> <!-- fillInvalidValues -->
  <testcase classname="com.coursera.org.Test.FormFillingTestWithInvalidData" name="fillInvalidValues" time="0.001">
    <failure type="java.lang.NullPointerException" message="Cannot invoke &amp;quot;org.openqa.selenium.WebDriver.findElement(org.openqa.selenium.By)&amp;quot; because &amp;quot;com.coursera.org.Functions.FormFillingFunctionality.driver&amp;quot; is null">
      <![CDATA[java.lang.NullPointerException: Cannot invoke "org.openqa.selenium.WebDriver.findElement(org.openqa.selenium.By)" because "com.coursera.org.Functions.FormFillingFunctionality.driver" is null
at com.coursera.org.Functions.FormFillingFunctionality.fillFirst_name(FormFillingFunctionality.java:44)
at com.coursera.org.Test.FormFillingTestWithInvalidData.fillInvalidValues(FormFillingTestWithInvalidData.java:40)
at java.base/java.util.ArrayList.forEach(ArrayList.java:1511)
... Removed 27 stack frames]]>
    </failure>
  </testcase> <!-- fillInvalidValues -->
  <testcase classname="com.coursera.org.Test.FormFillingTestWithInvalidData" name="fillInvalidValues" time="0.0">
    <failure type="java.lang.NullPointerException" message="Cannot invoke &amp;quot;org.openqa.selenium.WebDriver.findElement(org.openqa.selenium.By)&amp;quot; because &amp;quot;com.coursera.org.Functions.FormFillingFunctionality.driver&amp;quot; is null">
      <![CDATA[java.lang.NullPointerException: Cannot invoke "org.openqa.selenium.WebDriver.findElement(org.openqa.selenium.By)" because "com.coursera.org.Functions.FormFillingFunctionality.driver" is null
at com.coursera.org.Functions.FormFillingFunctionality.fillFirst_name(FormFillingFunctionality.java:44)
at com.coursera.org.Test.FormFillingTestWithInvalidData.fillInvalidValues(FormFillingTestWithInvalidData.java:40)
at java.base/java.util.ArrayList.forEach(ArrayList.java:1511)
... Removed 27 stack frames]]>
    </failure>
  </testcase> <!-- fillInvalidValues -->
  <testcase classname="com.coursera.org.Test.FormFillingTestWithInvalidData" name="fillInvalidValues" time="0.0">
    <failure type="java.lang.NullPointerException" message="Cannot invoke &amp;quot;org.openqa.selenium.WebDriver.findElement(org.openqa.selenium.By)&amp;quot; because &amp;quot;com.coursera.org.Functions.FormFillingFunctionality.driver&amp;quot; is null">
      <![CDATA[java.lang.NullPointerException: Cannot invoke "org.openqa.selenium.WebDriver.findElement(org.openqa.selenium.By)" because "com.coursera.org.Functions.FormFillingFunctionality.driver" is null
at com.coursera.org.Functions.FormFillingFunctionality.fillFirst_name(FormFillingFunctionality.java:44)
at com.coursera.org.Test.FormFillingTestWithInvalidData.fillInvalidValues(FormFillingTestWithInvalidData.java:40)
at java.base/java.util.ArrayList.forEach(ArrayList.java:1511)
... Removed 27 stack frames]]>
    </failure>
  </testcase> <!-- fillInvalidValues -->
  <testcase classname="com.coursera.org.Test.FormFillingTestWithInvalidData" name="fillInvalidValues" time="0.001">
    <failure type="java.lang.NullPointerException" message="Cannot invoke &amp;quot;org.openqa.selenium.WebDriver.findElement(org.openqa.selenium.By)&amp;quot; because &amp;quot;com.coursera.org.Functions.FormFillingFunctionality.driver&amp;quot; is null">
      <![CDATA[java.lang.NullPointerException: Cannot invoke "org.openqa.selenium.WebDriver.findElement(org.openqa.selenium.By)" because "com.coursera.org.Functions.FormFillingFunctionality.driver" is null
at com.coursera.org.Functions.FormFillingFunctionality.fillFirst_name(FormFillingFunctionality.java:44)
at com.coursera.org.Test.FormFillingTestWithInvalidData.fillInvalidValues(FormFillingTestWithInvalidData.java:40)
at java.base/java.util.ArrayList.forEach(ArrayList.java:1511)
... Removed 27 stack frames]]>
    </failure>
  </testcase> <!-- fillInvalidValues -->
  <testcase classname="com.coursera.org.Test.FormFillingTestWithInvalidData" name="fillInvalidValues" time="0.001">
    <failure type="java.lang.NullPointerException" message="Cannot invoke &amp;quot;org.openqa.selenium.WebDriver.findElement(org.openqa.selenium.By)&amp;quot; because &amp;quot;com.coursera.org.Functions.FormFillingFunctionality.driver&amp;quot; is null">
      <![CDATA[java.lang.NullPointerException: Cannot invoke "org.openqa.selenium.WebDriver.findElement(org.openqa.selenium.By)" because "com.coursera.org.Functions.FormFillingFunctionality.driver" is null
at com.coursera.org.Functions.FormFillingFunctionality.fillFirst_name(FormFillingFunctionality.java:44)
at com.coursera.org.Test.FormFillingTestWithInvalidData.fillInvalidValues(FormFillingTestWithInvalidData.java:40)
at java.base/java.util.ArrayList.forEach(ArrayList.java:1511)
... Removed 27 stack frames]]>
    </failure>
  </testcase> <!-- fillInvalidValues -->
</testsuite> <!-- Regression Test -->
